<?xml version="1.0" encoding="UTF-8"?>
<!-- Generated by org.testng.reporters.JUnitXMLReporter -->
<testsuite hostname="DESKTOP-2347AA" ignored="0" name="Test" tests="3" failures="1" timestamp="24 Oct 2019 14:43:03 GMT" time="47.15" errors="0">
  <testcase name="@BeforeMethod launchDriver" time="15.31" classname="ver.AutomationTalks.demoProject1.TestClass1">
    <failure type="org.openqa.selenium.SessionNotCreatedException" message="session not created
from chrome not reachable
  (Session info: chrome=78.0.3904.70)
Build info: version: &amp;apos;3.8.0&amp;apos;, revision: &amp;apos;924c4067df&amp;apos;, time: &amp;apos;2017-11-30T11:20:39.408Z&amp;apos;
System info: host: &amp;apos;DESKTOP-2347AA&amp;apos;, ip: &amp;apos;192.168.100.208&amp;apos;, os.name: &amp;apos;Windows 10&amp;apos;, os.arch: &amp;apos;amd64&amp;apos;, os.version: &amp;apos;10.0&amp;apos;, java.version: &amp;apos;1.8.0_231&amp;apos;
Driver info: driver.version: ChromeDriver
remote stacktrace: Backtrace:
	Ordinal0 [0x0049AA43+1550915]
	Ordinal0 [0x0041A901+1026305]
	Ordinal0 [0x0039C7BE+509886]
	Ordinal0 [0x003964F2+484594]
	Ordinal0 [0x00396BCB+486347]
	Ordinal0 [0x00397D35+490805]
	Ordinal0 [0x00393CB5+474293]
	Ordinal0 [0x0039D560+513376]
	Ordinal0 [0x0034B649+177737]
	Ordinal0 [0x0034A8ED+174317]
	Ordinal0 [0x00348CDB+167131]
	Ordinal0 [0x0033144A+70730]
	Ordinal0 [0x003324D0+74960]
	Ordinal0 [0x00332469+74857]
	Ordinal0 [0x004344C7+1131719]
	GetHandleVerifier [0x0053722D+523773]
	GetHandleVerifier [0x00536FC0+523152]
	GetHandleVerifier [0x0053E317+552679]
	GetHandleVerifier [0x00537A2A+525818]
	Ordinal0 [0x0042B9FC+1096188]
	Ordinal0 [0x0043653B+1140027]
	Ordinal0 [0x004366A3+1140387]
	Ordinal0 [0x00435625+1136165]
	BaseThreadInitThunk [0x77C76359+25]
	RtlGetAppContainerNamedObjectPath [0x77E67B74+228]
	RtlGetAppContainerNamedObjectPath [0x77E67B44+180]
">
      <![CDATA[org.openqa.selenium.SessionNotCreatedException: session not createdfrom chrome not reachable  (Session info: chrome=78.0.3904.70)Build info: version: '3.8.0', revision: '924c4067df', time: '2017-11-30T11:20:39.408Z'System info: host: 'DESKTOP-2347AA', ip: '192.168.100.208', os.name: 'Windows 10', os.arch: 'amd64', os.version: '10.0', java.version: '1.8.0_231'Driver info: driver.version: ChromeDriverremote stacktrace: Backtrace:Ordinal0 [0x0049AA43+1550915]Ordinal0 [0x0041A901+1026305]Ordinal0 [0x0039C7BE+509886]Ordinal0 [0x003964F2+484594]Ordinal0 [0x00396BCB+486347]Ordinal0 [0x00397D35+490805]Ordinal0 [0x00393CB5+474293]Ordinal0 [0x0039D560+513376]Ordinal0 [0x0034B649+177737]Ordinal0 [0x0034A8ED+174317]Ordinal0 [0x00348CDB+167131]Ordinal0 [0x0033144A+70730]Ordinal0 [0x003324D0+74960]Ordinal0 [0x00332469+74857]Ordinal0 [0x004344C7+1131719]GetHandleVerifier [0x0053722D+523773]GetHandleVerifier [0x00536FC0+523152]GetHandleVerifier [0x0053E317+552679]GetHandleVerifier [0x00537A2A+525818]Ordinal0 [0x0042B9FC+1096188]Ordinal0 [0x0043653B+1140027]Ordinal0 [0x004366A3+1140387]Ordinal0 [0x00435625+1136165]BaseThreadInitThunk [0x77C76359+25]RtlGetAppContainerNamedObjectPath [0x77E67B74+228]RtlGetAppContainerNamedObjectPath [0x77E67B44+180]at org.openqa.selenium.remote.W3CHandshakeResponse.lambda$new$0(W3CHandshakeResponse.java:57)at org.openqa.selenium.remote.W3CHandshakeResponse.lambda$getResponseFunction$2(W3CHandshakeResponse.java:104)at org.openqa.selenium.remote.ProtocolHandshake.lambda$createSession$0(ProtocolHandshake.java:123)at java.util.stream.ReferencePipeline$3$1.accept(Unknown Source)at java.util.Spliterators$ArraySpliterator.tryAdvance(Unknown Source)at java.util.stream.ReferencePipeline.forEachWithCancel(Unknown Source)at java.util.stream.AbstractPipeline.copyIntoWithCancel(Unknown Source)at java.util.stream.AbstractPipeline.copyInto(Unknown Source)at java.util.stream.AbstractPipeline.wrapAndCopyInto(Unknown Source)at java.util.stream.FindOps$FindOp.evaluateSequential(Unknown Source)at java.util.stream.AbstractPipeline.evaluate(Unknown Source)at java.util.stream.ReferencePipeline.findFirst(Unknown Source)at org.openqa.selenium.remote.ProtocolHandshake.createSession(ProtocolHandshake.java:126)at org.openqa.selenium.remote.ProtocolHandshake.createSession(ProtocolHandshake.java:73)at org.openqa.selenium.remote.HttpCommandExecutor.execute(HttpCommandExecutor.java:142)at org.openqa.selenium.remote.service.DriverCommandExecutor.execute(DriverCommandExecutor.java:83)at org.openqa.selenium.remote.RemoteWebDriver.execute(RemoteWebDriver.java:601)at org.openqa.selenium.remote.RemoteWebDriver.startSession(RemoteWebDriver.java:219)at org.openqa.selenium.remote.RemoteWebDriver.<init>(RemoteWebDriver.java:142)at org.openqa.selenium.chrome.ChromeDriver.<init>(ChromeDriver.java:181)at org.openqa.selenium.chrome.ChromeDriver.<init>(ChromeDriver.java:168)at org.openqa.selenium.chrome.ChromeDriver.<init>(ChromeDriver.java:123)at ver.AutomationTalks.demoProject1.TestClass1.launchDriver(TestClass1.java:21)... Removed 32 stack frames]]>
    </failure>
  </testcase> <!-- @BeforeMethod launchDriver -->
  <testcase name="@AfterMethod quit" time="0.0" classname="ver.AutomationTalks.demoProject1.TestClass1">
    <skipped/>
  </testcase> <!-- @AfterMethod quit -->
  <testcase name="@BeforeMethod launchDriver" time="0.0" classname="ver.AutomationTalks.demoProject1.TestClass1">
    <skipped/>
  </testcase> <!-- @BeforeMethod launchDriver -->
  <testcase name="@AfterMethod quit" time="0.0" classname="ver.AutomationTalks.demoProject1.TestClass1">
    <skipped/>
  </testcase> <!-- @AfterMethod quit -->
  <testcase name="Test1" time="18.602" classname="ver.AutomationTalks.demoProject1.TestClass1">
    <failure type="org.openqa.selenium.NoSuchWindowException" message="no such window: target window already closed
from unknown error: web view not found
  (Session info: chrome=78.0.3904.70)
Build info: version: &amp;apos;3.8.0&amp;apos;, revision: &amp;apos;924c4067df&amp;apos;, time: &amp;apos;2017-11-30T11:20:39.408Z&amp;apos;
System info: host: &amp;apos;DESKTOP-2347AA&amp;apos;, ip: &amp;apos;192.168.100.208&amp;apos;, os.name: &amp;apos;Windows 10&amp;apos;, os.arch: &amp;apos;amd64&amp;apos;, os.version: &amp;apos;10.0&amp;apos;, java.version: &amp;apos;1.8.0_231&amp;apos;
Driver info: org.openqa.selenium.chrome.ChromeDriver
Capabilities {acceptInsecureCerts: false, browserName: chrome, browserVersion: 78.0.3904.70, chrome: {chromedriverVersion: 78.0.3904.11 (eaaae9de6b899..., userDataDir: C:\Users\THINK\AppData\Loca...}, goog:chromeOptions: {debuggerAddress: localhost:52954}, javascriptEnabled: true, networkConnectionEnabled: false, pageLoadStrategy: normal, platform: XP, platformName: XP, proxy: Proxy(), setWindowRect: true, strictFileInteractability: false, timeouts: {implicit: 0, pageLoad: 300000, script: 30000}, unhandledPromptBehavior: dismiss and notify}
Session ID: 4c7014da2fee0eb94610a26a3ab94587">
      <![CDATA[org.openqa.selenium.NoSuchWindowException: no such window: target window already closedfrom unknown error: web view not found  (Session info: chrome=78.0.3904.70)Build info: version: '3.8.0', revision: '924c4067df', time: '2017-11-30T11:20:39.408Z'System info: host: 'DESKTOP-2347AA', ip: '192.168.100.208', os.name: 'Windows 10', os.arch: 'amd64', os.version: '10.0', java.version: '1.8.0_231'Driver info: org.openqa.selenium.chrome.ChromeDriverCapabilities {acceptInsecureCerts: false, browserName: chrome, browserVersion: 78.0.3904.70, chrome: {chromedriverVersion: 78.0.3904.11 (eaaae9de6b899..., userDataDir: C:\Users\THINK\AppData\Loca...}, goog:chromeOptions: {debuggerAddress: localhost:52954}, javascriptEnabled: true, networkConnectionEnabled: false, pageLoadStrategy: normal, platform: XP, platformName: XP, proxy: Proxy(), setWindowRect: true, strictFileInteractability: false, timeouts: {implicit: 0, pageLoad: 300000, script: 30000}, unhandledPromptBehavior: dismiss and notify}Session ID: 4c7014da2fee0eb94610a26a3ab94587at org.openqa.selenium.remote.http.W3CHttpResponseCodec.createException(W3CHttpResponseCodec.java:187)at org.openqa.selenium.remote.http.W3CHttpResponseCodec.decode(W3CHttpResponseCodec.java:122)at org.openqa.selenium.remote.http.W3CHttpResponseCodec.decode(W3CHttpResponseCodec.java:49)at org.openqa.selenium.remote.HttpCommandExecutor.execute(HttpCommandExecutor.java:164)at org.openqa.selenium.remote.service.DriverCommandExecutor.execute(DriverCommandExecutor.java:83)at org.openqa.selenium.remote.RemoteWebDriver.execute(RemoteWebDriver.java:601)at org.openqa.selenium.remote.RemoteWebDriver.execute(RemoteWebDriver.java:658)at org.openqa.selenium.remote.RemoteWebDriver.getTitle(RemoteWebDriver.java:329)at ver.AutomationTalks.demoProject1.TestClass1.Test1(TestClass1.java:29)... Removed 29 stack frames]]>
    </failure>
  </testcase> <!-- Test1 -->
  <testcase name="Test2" time="0.0" classname="ver.AutomationTalks.demoProject1.TestClass1">
    <skipped/>
  </testcase> <!-- Test2 -->
  <testcase name="Test3" time="0.0" classname="ver.AutomationTalks.demoProject1.TestClass1">
    <skipped/>
  </testcase> <!-- Test3 -->
</testsuite> <!-- Test -->
