<?xml version="1.0" encoding="UTF-8"?>
<testng-results skipped="2" failed="1" ignored="0" total="3" passed="0">
  <reporter-output>
  </reporter-output>
  <suite name="Suite" duration-ms="47150" started-at="2019-10-24T14:42:15Z" finished-at="2019-10-24T14:43:03Z">
    <groups>
    </groups>
    <test name="Test" duration-ms="47150" started-at="2019-10-24T14:42:15Z" finished-at="2019-10-24T14:43:03Z">
      <class name="ver.AutomationTalks.demoProject1.TestClass1">
        <test-method status="PASS" signature="launchDriver()[pri:0, instance:ver.AutomationTalks.demoProject1.TestClass1@4c70fda8]" name="launchDriver" is-config="true" duration-ms="12503" started-at="2019-10-24T20:12:15Z" finished-at="2019-10-24T20:12:28Z">
          <reporter-output>
          </reporter-output>
        </test-method> <!-- launchDriver -->
        <test-method status="FAIL" signature="Test1()[pri:0, instance:ver.AutomationTalks.demoProject1.TestClass1@4c70fda8]" name="Test1" duration-ms="18602" started-at="2019-10-24T20:12:28Z" finished-at="2019-10-24T20:12:47Z">
          <exception class="org.openqa.selenium.NoSuchWindowException">
            <message>
              <![CDATA[no such window: target window already closedfrom unknown error: web view not found  (Session info: chrome=78.0.3904.70)Build info: version: '3.8.0', revision: '924c4067df', time: '2017-11-30T11:20:39.408Z'System info: host: 'DESKTOP-2347AA', ip: '192.168.100.208', os.name: 'Windows 10', os.arch: 'amd64', os.version: '10.0', java.version: '1.8.0_231'Driver info: org.openqa.selenium.chrome.ChromeDriverCapabilities {acceptInsecureCerts: false, browserName: chrome, browserVersion: 78.0.3904.70, chrome: {chromedriverVersion: 78.0.3904.11 (eaaae9de6b899..., userDataDir: C:\Users\THINK\AppData\Loca...}, goog:chromeOptions: {debuggerAddress: localhost:52954}, javascriptEnabled: true, networkConnectionEnabled: false, pageLoadStrategy: normal, platform: XP, platformName: XP, proxy: Proxy(), setWindowRect: true, strictFileInteractability: false, timeouts: {implicit: 0, pageLoad: 300000, script: 30000}, unhandledPromptBehavior: dismiss and notify}Session ID: 4c7014da2fee0eb94610a26a3ab94587]]>
            </message>
            <full-stacktrace>
              <![CDATA[org.openqa.selenium.NoSuchWindowException: no such window: target window already closedfrom unknown error: web view not found  (Session info: chrome=78.0.3904.70)Build info: version: '3.8.0', revision: '924c4067df', time: '2017-11-30T11:20:39.408Z'System info: host: 'DESKTOP-2347AA', ip: '192.168.100.208', os.name: 'Windows 10', os.arch: 'amd64', os.version: '10.0', java.version: '1.8.0_231'Driver info: org.openqa.selenium.chrome.ChromeDriverCapabilities {acceptInsecureCerts: false, browserName: chrome, browserVersion: 78.0.3904.70, chrome: {chromedriverVersion: 78.0.3904.11 (eaaae9de6b899..., userDataDir: C:\Users\THINK\AppData\Loca...}, goog:chromeOptions: {debuggerAddress: localhost:52954}, javascriptEnabled: true, networkConnectionEnabled: false, pageLoadStrategy: normal, platform: XP, platformName: XP, proxy: Proxy(), setWindowRect: true, strictFileInteractability: false, timeouts: {implicit: 0, pageLoad: 300000, script: 30000}, unhandledPromptBehavior: dismiss and notify}Session ID: 4c7014da2fee0eb94610a26a3ab94587at sun.reflect.NativeConstructorAccessorImpl.newInstance0(Native Method)at sun.reflect.NativeConstructorAccessorImpl.newInstance(Unknown Source)at sun.reflect.DelegatingConstructorAccessorImpl.newInstance(Unknown Source)at java.lang.reflect.Constructor.newInstance(Unknown Source)at org.openqa.selenium.remote.http.W3CHttpResponseCodec.createException(W3CHttpResponseCodec.java:187)at org.openqa.selenium.remote.http.W3CHttpResponseCodec.decode(W3CHttpResponseCodec.java:122)at org.openqa.selenium.remote.http.W3CHttpResponseCodec.decode(W3CHttpResponseCodec.java:49)at org.openqa.selenium.remote.HttpCommandExecutor.execute(HttpCommandExecutor.java:164)at org.openqa.selenium.remote.service.DriverCommandExecutor.execute(DriverCommandExecutor.java:83)at org.openqa.selenium.remote.RemoteWebDriver.execute(RemoteWebDriver.java:601)at org.openqa.selenium.remote.RemoteWebDriver.execute(RemoteWebDriver.java:658)at org.openqa.selenium.remote.RemoteWebDriver.getTitle(RemoteWebDriver.java:329)at ver.AutomationTalks.demoProject1.TestClass1.Test1(TestClass1.java:29)at sun.reflect.NativeMethodAccessorImpl.invoke0(Native Method)at sun.reflect.NativeMethodAccessorImpl.invoke(Unknown Source)at sun.reflect.DelegatingMethodAccessorImpl.invoke(Unknown Source)at java.lang.reflect.Method.invoke(Unknown Source)at org.testng.internal.MethodInvocationHelper.invokeMethod(MethodInvocationHelper.java:124)at org.testng.internal.Invoker.invokeMethod(Invoker.java:571)at org.testng.internal.Invoker.invokeTestMethod(Invoker.java:707)at org.testng.internal.Invoker.invokeTestMethods(Invoker.java:979)at org.testng.internal.TestMethodWorker.invokeTestMethods(TestMethodWorker.java:125)at org.testng.internal.TestMethodWorker.run(TestMethodWorker.java:109)at org.testng.TestRunner.privateRun(TestRunner.java:648)at org.testng.TestRunner.run(TestRunner.java:505)at org.testng.SuiteRunner.runTest(SuiteRunner.java:455)at org.testng.SuiteRunner.runSequentially(SuiteRunner.java:450)at org.testng.SuiteRunner.privateRun(SuiteRunner.java:415)at org.testng.SuiteRunner.run(SuiteRunner.java:364)at org.testng.SuiteRunnerWorker.runSuite(SuiteRunnerWorker.java:52)at org.testng.SuiteRunnerWorker.run(SuiteRunnerWorker.java:84)at org.testng.TestNG.runSuitesSequentially(TestNG.java:1187)at org.testng.TestNG.runSuitesLocally(TestNG.java:1116)at org.testng.TestNG.runSuites(TestNG.java:1028)at org.testng.TestNG.run(TestNG.java:996)at org.testng.remote.AbstractRemoteTestNG.run(AbstractRemoteTestNG.java:115)at org.testng.remote.RemoteTestNG.initAndRun(RemoteTestNG.java:251)at org.testng.remote.RemoteTestNG.main(RemoteTestNG.java:77)]]>
            </full-stacktrace>
          </exception> <!-- org.openqa.selenium.NoSuchWindowException -->
          <reporter-output>
          </reporter-output>
        </test-method> <!-- Test1 -->
        <test-method status="PASS" signature="quit()[pri:0, instance:ver.AutomationTalks.demoProject1.TestClass1@4c70fda8]" name="quit" is-config="true" duration-ms="681" started-at="2019-10-24T20:12:47Z" finished-at="2019-10-24T20:12:47Z">
          <reporter-output>
          </reporter-output>
        </test-method> <!-- quit -->
        <test-method status="FAIL" signature="launchDriver()[pri:0, instance:ver.AutomationTalks.demoProject1.TestClass1@4c70fda8]" name="launchDriver" is-config="true" duration-ms="15310" started-at="2019-10-24T20:12:47Z" finished-at="2019-10-24T20:13:03Z">
          <exception class="org.openqa.selenium.SessionNotCreatedException">
            <message>
              <![CDATA[session not createdfrom chrome not reachable  (Session info: chrome=78.0.3904.70)Build info: version: '3.8.0', revision: '924c4067df', time: '2017-11-30T11:20:39.408Z'System info: host: 'DESKTOP-2347AA', ip: '192.168.100.208', os.name: 'Windows 10', os.arch: 'amd64', os.version: '10.0', java.version: '1.8.0_231'Driver info: driver.version: ChromeDriverremote stacktrace: Backtrace:Ordinal0 [0x0049AA43+1550915]Ordinal0 [0x0041A901+1026305]Ordinal0 [0x0039C7BE+509886]Ordinal0 [0x003964F2+484594]Ordinal0 [0x00396BCB+486347]Ordinal0 [0x00397D35+490805]Ordinal0 [0x00393CB5+474293]Ordinal0 [0x0039D560+513376]Ordinal0 [0x0034B649+177737]Ordinal0 [0x0034A8ED+174317]Ordinal0 [0x00348CDB+167131]Ordinal0 [0x0033144A+70730]Ordinal0 [0x003324D0+74960]Ordinal0 [0x00332469+74857]Ordinal0 [0x004344C7+1131719]GetHandleVerifier [0x0053722D+523773]GetHandleVerifier [0x00536FC0+523152]GetHandleVerifier [0x0053E317+552679]GetHandleVerifier [0x00537A2A+525818]Ordinal0 [0x0042B9FC+1096188]Ordinal0 [0x0043653B+1140027]Ordinal0 [0x004366A3+1140387]Ordinal0 [0x00435625+1136165]BaseThreadInitThunk [0x77C76359+25]RtlGetAppContainerNamedObjectPath [0x77E67B74+228]RtlGetAppContainerNamedObjectPath [0x77E67B44+180]]]>
            </message>
            <full-stacktrace>
              <![CDATA[org.openqa.selenium.SessionNotCreatedException: session not createdfrom chrome not reachable  (Session info: chrome=78.0.3904.70)Build info: version: '3.8.0', revision: '924c4067df', time: '2017-11-30T11:20:39.408Z'System info: host: 'DESKTOP-2347AA', ip: '192.168.100.208', os.name: 'Windows 10', os.arch: 'amd64', os.version: '10.0', java.version: '1.8.0_231'Driver info: driver.version: ChromeDriverremote stacktrace: Backtrace:Ordinal0 [0x0049AA43+1550915]Ordinal0 [0x0041A901+1026305]Ordinal0 [0x0039C7BE+509886]Ordinal0 [0x003964F2+484594]Ordinal0 [0x00396BCB+486347]Ordinal0 [0x00397D35+490805]Ordinal0 [0x00393CB5+474293]Ordinal0 [0x0039D560+513376]Ordinal0 [0x0034B649+177737]Ordinal0 [0x0034A8ED+174317]Ordinal0 [0x00348CDB+167131]Ordinal0 [0x0033144A+70730]Ordinal0 [0x003324D0+74960]Ordinal0 [0x00332469+74857]Ordinal0 [0x004344C7+1131719]GetHandleVerifier [0x0053722D+523773]GetHandleVerifier [0x00536FC0+523152]GetHandleVerifier [0x0053E317+552679]GetHandleVerifier [0x00537A2A+525818]Ordinal0 [0x0042B9FC+1096188]Ordinal0 [0x0043653B+1140027]Ordinal0 [0x004366A3+1140387]Ordinal0 [0x00435625+1136165]BaseThreadInitThunk [0x77C76359+25]RtlGetAppContainerNamedObjectPath [0x77E67B74+228]RtlGetAppContainerNamedObjectPath [0x77E67B44+180]at sun.reflect.NativeConstructorAccessorImpl.newInstance0(Native Method)at sun.reflect.NativeConstructorAccessorImpl.newInstance(Unknown Source)at sun.reflect.DelegatingConstructorAccessorImpl.newInstance(Unknown Source)at java.lang.reflect.Constructor.newInstance(Unknown Source)at org.openqa.selenium.remote.W3CHandshakeResponse.lambda$new$0(W3CHandshakeResponse.java:57)at org.openqa.selenium.remote.W3CHandshakeResponse.lambda$getResponseFunction$2(W3CHandshakeResponse.java:104)at org.openqa.selenium.remote.ProtocolHandshake.lambda$createSession$0(ProtocolHandshake.java:123)at java.util.stream.ReferencePipeline$3$1.accept(Unknown Source)at java.util.Spliterators$ArraySpliterator.tryAdvance(Unknown Source)at java.util.stream.ReferencePipeline.forEachWithCancel(Unknown Source)at java.util.stream.AbstractPipeline.copyIntoWithCancel(Unknown Source)at java.util.stream.AbstractPipeline.copyInto(Unknown Source)at java.util.stream.AbstractPipeline.wrapAndCopyInto(Unknown Source)at java.util.stream.FindOps$FindOp.evaluateSequential(Unknown Source)at java.util.stream.AbstractPipeline.evaluate(Unknown Source)at java.util.stream.ReferencePipeline.findFirst(Unknown Source)at org.openqa.selenium.remote.ProtocolHandshake.createSession(ProtocolHandshake.java:126)at org.openqa.selenium.remote.ProtocolHandshake.createSession(ProtocolHandshake.java:73)at org.openqa.selenium.remote.HttpCommandExecutor.execute(HttpCommandExecutor.java:142)at org.openqa.selenium.remote.service.DriverCommandExecutor.execute(DriverCommandExecutor.java:83)at org.openqa.selenium.remote.RemoteWebDriver.execute(RemoteWebDriver.java:601)at org.openqa.selenium.remote.RemoteWebDriver.startSession(RemoteWebDriver.java:219)at org.openqa.selenium.remote.RemoteWebDriver.<init>(RemoteWebDriver.java:142)at org.openqa.selenium.chrome.ChromeDriver.<init>(ChromeDriver.java:181)at org.openqa.selenium.chrome.ChromeDriver.<init>(ChromeDriver.java:168)at org.openqa.selenium.chrome.ChromeDriver.<init>(ChromeDriver.java:123)at ver.AutomationTalks.demoProject1.TestClass1.launchDriver(TestClass1.java:21)at sun.reflect.NativeMethodAccessorImpl.invoke0(Native Method)at sun.reflect.NativeMethodAccessorImpl.invoke(Unknown Source)at sun.reflect.DelegatingMethodAccessorImpl.invoke(Unknown Source)at java.lang.reflect.Method.invoke(Unknown Source)at org.testng.internal.MethodInvocationHelper.invokeMethod(MethodInvocationHelper.java:124)at org.testng.internal.MethodInvocationHelper.invokeMethodConsideringTimeout(MethodInvocationHelper.java:59)at org.testng.internal.Invoker.invokeConfigurationMethod(Invoker.java:451)at org.testng.internal.Invoker.invokeConfigurations(Invoker.java:222)at org.testng.internal.Invoker.invokeMethod(Invoker.java:516)at org.testng.internal.Invoker.invokeTestMethod(Invoker.java:707)at org.testng.internal.Invoker.invokeTestMethods(Invoker.java:979)at org.testng.internal.TestMethodWorker.invokeTestMethods(TestMethodWorker.java:125)at org.testng.internal.TestMethodWorker.run(TestMethodWorker.java:109)at org.testng.TestRunner.privateRun(TestRunner.java:648)at org.testng.TestRunner.run(TestRunner.java:505)at org.testng.SuiteRunner.runTest(SuiteRunner.java:455)at org.testng.SuiteRunner.runSequentially(SuiteRunner.java:450)at org.testng.SuiteRunner.privateRun(SuiteRunner.java:415)at org.testng.SuiteRunner.run(SuiteRunner.java:364)at org.testng.SuiteRunnerWorker.runSuite(SuiteRunnerWorker.java:52)at org.testng.SuiteRunnerWorker.run(SuiteRunnerWorker.java:84)at org.testng.TestNG.runSuitesSequentially(TestNG.java:1187)at org.testng.TestNG.runSuitesLocally(TestNG.java:1116)at org.testng.TestNG.runSuites(TestNG.java:1028)at org.testng.TestNG.run(TestNG.java:996)at org.testng.remote.AbstractRemoteTestNG.run(AbstractRemoteTestNG.java:115)at org.testng.remote.RemoteTestNG.initAndRun(RemoteTestNG.java:251)at org.testng.remote.RemoteTestNG.main(RemoteTestNG.java:77)]]>
            </full-stacktrace>
          </exception> <!-- org.openqa.selenium.SessionNotCreatedException -->
          <reporter-output>
          </reporter-output>
        </test-method> <!-- launchDriver -->
        <test-method status="SKIP" signature="Test2()[pri:0, instance:ver.AutomationTalks.demoProject1.TestClass1@4c70fda8]" name="Test2" duration-ms="0" started-at="2019-10-24T20:13:03Z" finished-at="2019-10-24T20:13:03Z">
          <exception class="org.openqa.selenium.SessionNotCreatedException">
            <message>
              <![CDATA[session not createdfrom chrome not reachable  (Session info: chrome=78.0.3904.70)Build info: version: '3.8.0', revision: '924c4067df', time: '2017-11-30T11:20:39.408Z'System info: host: 'DESKTOP-2347AA', ip: '192.168.100.208', os.name: 'Windows 10', os.arch: 'amd64', os.version: '10.0', java.version: '1.8.0_231'Driver info: driver.version: ChromeDriverremote stacktrace: Backtrace:Ordinal0 [0x0049AA43+1550915]Ordinal0 [0x0041A901+1026305]Ordinal0 [0x0039C7BE+509886]Ordinal0 [0x003964F2+484594]Ordinal0 [0x00396BCB+486347]Ordinal0 [0x00397D35+490805]Ordinal0 [0x00393CB5+474293]Ordinal0 [0x0039D560+513376]Ordinal0 [0x0034B649+177737]Ordinal0 [0x0034A8ED+174317]Ordinal0 [0x00348CDB+167131]Ordinal0 [0x0033144A+70730]Ordinal0 [0x003324D0+74960]Ordinal0 [0x00332469+74857]Ordinal0 [0x004344C7+1131719]GetHandleVerifier [0x0053722D+523773]GetHandleVerifier [0x00536FC0+523152]GetHandleVerifier [0x0053E317+552679]GetHandleVerifier [0x00537A2A+525818]Ordinal0 [0x0042B9FC+1096188]Ordinal0 [0x0043653B+1140027]Ordinal0 [0x004366A3+1140387]Ordinal0 [0x00435625+1136165]BaseThreadInitThunk [0x77C76359+25]RtlGetAppContainerNamedObjectPath [0x77E67B74+228]RtlGetAppContainerNamedObjectPath [0x77E67B44+180]]]>
            </message>
            <full-stacktrace>
              <![CDATA[org.openqa.selenium.SessionNotCreatedException: session not createdfrom chrome not reachable  (Session info: chrome=78.0.3904.70)Build info: version: '3.8.0', revision: '924c4067df', time: '2017-11-30T11:20:39.408Z'System info: host: 'DESKTOP-2347AA', ip: '192.168.100.208', os.name: 'Windows 10', os.arch: 'amd64', os.version: '10.0', java.version: '1.8.0_231'Driver info: driver.version: ChromeDriverremote stacktrace: Backtrace:Ordinal0 [0x0049AA43+1550915]Ordinal0 [0x0041A901+1026305]Ordinal0 [0x0039C7BE+509886]Ordinal0 [0x003964F2+484594]Ordinal0 [0x00396BCB+486347]Ordinal0 [0x00397D35+490805]Ordinal0 [0x00393CB5+474293]Ordinal0 [0x0039D560+513376]Ordinal0 [0x0034B649+177737]Ordinal0 [0x0034A8ED+174317]Ordinal0 [0x00348CDB+167131]Ordinal0 [0x0033144A+70730]Ordinal0 [0x003324D0+74960]Ordinal0 [0x00332469+74857]Ordinal0 [0x004344C7+1131719]GetHandleVerifier [0x0053722D+523773]GetHandleVerifier [0x00536FC0+523152]GetHandleVerifier [0x0053E317+552679]GetHandleVerifier [0x00537A2A+525818]Ordinal0 [0x0042B9FC+1096188]Ordinal0 [0x0043653B+1140027]Ordinal0 [0x004366A3+1140387]Ordinal0 [0x00435625+1136165]BaseThreadInitThunk [0x77C76359+25]RtlGetAppContainerNamedObjectPath [0x77E67B74+228]RtlGetAppContainerNamedObjectPath [0x77E67B44+180]at sun.reflect.NativeConstructorAccessorImpl.newInstance0(Native Method)at sun.reflect.NativeConstructorAccessorImpl.newInstance(Unknown Source)at sun.reflect.DelegatingConstructorAccessorImpl.newInstance(Unknown Source)at java.lang.reflect.Constructor.newInstance(Unknown Source)at org.openqa.selenium.remote.W3CHandshakeResponse.lambda$new$0(W3CHandshakeResponse.java:57)at org.openqa.selenium.remote.W3CHandshakeResponse.lambda$getResponseFunction$2(W3CHandshakeResponse.java:104)at org.openqa.selenium.remote.ProtocolHandshake.lambda$createSession$0(ProtocolHandshake.java:123)at java.util.stream.ReferencePipeline$3$1.accept(Unknown Source)at java.util.Spliterators$ArraySpliterator.tryAdvance(Unknown Source)at java.util.stream.ReferencePipeline.forEachWithCancel(Unknown Source)at java.util.stream.AbstractPipeline.copyIntoWithCancel(Unknown Source)at java.util.stream.AbstractPipeline.copyInto(Unknown Source)at java.util.stream.AbstractPipeline.wrapAndCopyInto(Unknown Source)at java.util.stream.FindOps$FindOp.evaluateSequential(Unknown Source)at java.util.stream.AbstractPipeline.evaluate(Unknown Source)at java.util.stream.ReferencePipeline.findFirst(Unknown Source)at org.openqa.selenium.remote.ProtocolHandshake.createSession(ProtocolHandshake.java:126)at org.openqa.selenium.remote.ProtocolHandshake.createSession(ProtocolHandshake.java:73)at org.openqa.selenium.remote.HttpCommandExecutor.execute(HttpCommandExecutor.java:142)at org.openqa.selenium.remote.service.DriverCommandExecutor.execute(DriverCommandExecutor.java:83)at org.openqa.selenium.remote.RemoteWebDriver.execute(RemoteWebDriver.java:601)at org.openqa.selenium.remote.RemoteWebDriver.startSession(RemoteWebDriver.java:219)at org.openqa.selenium.remote.RemoteWebDriver.<init>(RemoteWebDriver.java:142)at org.openqa.selenium.chrome.ChromeDriver.<init>(ChromeDriver.java:181)at org.openqa.selenium.chrome.ChromeDriver.<init>(ChromeDriver.java:168)at org.openqa.selenium.chrome.ChromeDriver.<init>(ChromeDriver.java:123)at ver.AutomationTalks.demoProject1.TestClass1.launchDriver(TestClass1.java:21)at sun.reflect.NativeMethodAccessorImpl.invoke0(Native Method)at sun.reflect.NativeMethodAccessorImpl.invoke(Unknown Source)at sun.reflect.DelegatingMethodAccessorImpl.invoke(Unknown Source)at java.lang.reflect.Method.invoke(Unknown Source)at org.testng.internal.MethodInvocationHelper.invokeMethod(MethodInvocationHelper.java:124)at org.testng.internal.MethodInvocationHelper.invokeMethodConsideringTimeout(MethodInvocationHelper.java:59)at org.testng.internal.Invoker.invokeConfigurationMethod(Invoker.java:451)at org.testng.internal.Invoker.invokeConfigurations(Invoker.java:222)at org.testng.internal.Invoker.invokeMethod(Invoker.java:516)at org.testng.internal.Invoker.invokeTestMethod(Invoker.java:707)at org.testng.internal.Invoker.invokeTestMethods(Invoker.java:979)at org.testng.internal.TestMethodWorker.invokeTestMethods(TestMethodWorker.java:125)at org.testng.internal.TestMethodWorker.run(TestMethodWorker.java:109)at org.testng.TestRunner.privateRun(TestRunner.java:648)at org.testng.TestRunner.run(TestRunner.java:505)at org.testng.SuiteRunner.runTest(SuiteRunner.java:455)at org.testng.SuiteRunner.runSequentially(SuiteRunner.java:450)at org.testng.SuiteRunner.privateRun(SuiteRunner.java:415)at org.testng.SuiteRunner.run(SuiteRunner.java:364)at org.testng.SuiteRunnerWorker.runSuite(SuiteRunnerWorker.java:52)at org.testng.SuiteRunnerWorker.run(SuiteRunnerWorker.java:84)at org.testng.TestNG.runSuitesSequentially(TestNG.java:1187)at org.testng.TestNG.runSuitesLocally(TestNG.java:1116)at org.testng.TestNG.runSuites(TestNG.java:1028)at org.testng.TestNG.run(TestNG.java:996)at org.testng.remote.AbstractRemoteTestNG.run(AbstractRemoteTestNG.java:115)at org.testng.remote.RemoteTestNG.initAndRun(RemoteTestNG.java:251)at org.testng.remote.RemoteTestNG.main(RemoteTestNG.java:77)]]>
            </full-stacktrace>
          </exception> <!-- org.openqa.selenium.SessionNotCreatedException -->
          <reporter-output>
          </reporter-output>
        </test-method> <!-- Test2 -->
        <test-method status="SKIP" signature="quit()[pri:0, instance:ver.AutomationTalks.demoProject1.TestClass1@4c70fda8]" name="quit" is-config="true" duration-ms="0" started-at="2019-10-24T20:13:03Z" finished-at="2019-10-24T20:13:03Z">
          <reporter-output>
          </reporter-output>
        </test-method> <!-- quit -->
        <test-method status="SKIP" signature="launchDriver()[pri:0, instance:ver.AutomationTalks.demoProject1.TestClass1@4c70fda8]" name="launchDriver" is-config="true" duration-ms="0" started-at="2019-10-24T20:13:03Z" finished-at="2019-10-24T20:13:03Z">
          <reporter-output>
          </reporter-output>
        </test-method> <!-- launchDriver -->
        <test-method status="SKIP" signature="Test3()[pri:0, instance:ver.AutomationTalks.demoProject1.TestClass1@4c70fda8]" name="Test3" duration-ms="0" started-at="2019-10-24T20:13:03Z" finished-at="2019-10-24T20:13:03Z">
          <exception class="org.openqa.selenium.SessionNotCreatedException">
            <message>
              <![CDATA[session not createdfrom chrome not reachable  (Session info: chrome=78.0.3904.70)Build info: version: '3.8.0', revision: '924c4067df', time: '2017-11-30T11:20:39.408Z'System info: host: 'DESKTOP-2347AA', ip: '192.168.100.208', os.name: 'Windows 10', os.arch: 'amd64', os.version: '10.0', java.version: '1.8.0_231'Driver info: driver.version: ChromeDriverremote stacktrace: Backtrace:Ordinal0 [0x0049AA43+1550915]Ordinal0 [0x0041A901+1026305]Ordinal0 [0x0039C7BE+509886]Ordinal0 [0x003964F2+484594]Ordinal0 [0x00396BCB+486347]Ordinal0 [0x00397D35+490805]Ordinal0 [0x00393CB5+474293]Ordinal0 [0x0039D560+513376]Ordinal0 [0x0034B649+177737]Ordinal0 [0x0034A8ED+174317]Ordinal0 [0x00348CDB+167131]Ordinal0 [0x0033144A+70730]Ordinal0 [0x003324D0+74960]Ordinal0 [0x00332469+74857]Ordinal0 [0x004344C7+1131719]GetHandleVerifier [0x0053722D+523773]GetHandleVerifier [0x00536FC0+523152]GetHandleVerifier [0x0053E317+552679]GetHandleVerifier [0x00537A2A+525818]Ordinal0 [0x0042B9FC+1096188]Ordinal0 [0x0043653B+1140027]Ordinal0 [0x004366A3+1140387]Ordinal0 [0x00435625+1136165]BaseThreadInitThunk [0x77C76359+25]RtlGetAppContainerNamedObjectPath [0x77E67B74+228]RtlGetAppContainerNamedObjectPath [0x77E67B44+180]]]>
            </message>
            <full-stacktrace>
              <![CDATA[org.openqa.selenium.SessionNotCreatedException: session not createdfrom chrome not reachable  (Session info: chrome=78.0.3904.70)Build info: version: '3.8.0', revision: '924c4067df', time: '2017-11-30T11:20:39.408Z'System info: host: 'DESKTOP-2347AA', ip: '192.168.100.208', os.name: 'Windows 10', os.arch: 'amd64', os.version: '10.0', java.version: '1.8.0_231'Driver info: driver.version: ChromeDriverremote stacktrace: Backtrace:Ordinal0 [0x0049AA43+1550915]Ordinal0 [0x0041A901+1026305]Ordinal0 [0x0039C7BE+509886]Ordinal0 [0x003964F2+484594]Ordinal0 [0x00396BCB+486347]Ordinal0 [0x00397D35+490805]Ordinal0 [0x00393CB5+474293]Ordinal0 [0x0039D560+513376]Ordinal0 [0x0034B649+177737]Ordinal0 [0x0034A8ED+174317]Ordinal0 [0x00348CDB+167131]Ordinal0 [0x0033144A+70730]Ordinal0 [0x003324D0+74960]Ordinal0 [0x00332469+74857]Ordinal0 [0x004344C7+1131719]GetHandleVerifier [0x0053722D+523773]GetHandleVerifier [0x00536FC0+523152]GetHandleVerifier [0x0053E317+552679]GetHandleVerifier [0x00537A2A+525818]Ordinal0 [0x0042B9FC+1096188]Ordinal0 [0x0043653B+1140027]Ordinal0 [0x004366A3+1140387]Ordinal0 [0x00435625+1136165]BaseThreadInitThunk [0x77C76359+25]RtlGetAppContainerNamedObjectPath [0x77E67B74+228]RtlGetAppContainerNamedObjectPath [0x77E67B44+180]at sun.reflect.NativeConstructorAccessorImpl.newInstance0(Native Method)at sun.reflect.NativeConstructorAccessorImpl.newInstance(Unknown Source)at sun.reflect.DelegatingConstructorAccessorImpl.newInstance(Unknown Source)at java.lang.reflect.Constructor.newInstance(Unknown Source)at org.openqa.selenium.remote.W3CHandshakeResponse.lambda$new$0(W3CHandshakeResponse.java:57)at org.openqa.selenium.remote.W3CHandshakeResponse.lambda$getResponseFunction$2(W3CHandshakeResponse.java:104)at org.openqa.selenium.remote.ProtocolHandshake.lambda$createSession$0(ProtocolHandshake.java:123)at java.util.stream.ReferencePipeline$3$1.accept(Unknown Source)at java.util.Spliterators$ArraySpliterator.tryAdvance(Unknown Source)at java.util.stream.ReferencePipeline.forEachWithCancel(Unknown Source)at java.util.stream.AbstractPipeline.copyIntoWithCancel(Unknown Source)at java.util.stream.AbstractPipeline.copyInto(Unknown Source)at java.util.stream.AbstractPipeline.wrapAndCopyInto(Unknown Source)at java.util.stream.FindOps$FindOp.evaluateSequential(Unknown Source)at java.util.stream.AbstractPipeline.evaluate(Unknown Source)at java.util.stream.ReferencePipeline.findFirst(Unknown Source)at org.openqa.selenium.remote.ProtocolHandshake.createSession(ProtocolHandshake.java:126)at org.openqa.selenium.remote.ProtocolHandshake.createSession(ProtocolHandshake.java:73)at org.openqa.selenium.remote.HttpCommandExecutor.execute(HttpCommandExecutor.java:142)at org.openqa.selenium.remote.service.DriverCommandExecutor.execute(DriverCommandExecutor.java:83)at org.openqa.selenium.remote.RemoteWebDriver.execute(RemoteWebDriver.java:601)at org.openqa.selenium.remote.RemoteWebDriver.startSession(RemoteWebDriver.java:219)at org.openqa.selenium.remote.RemoteWebDriver.<init>(RemoteWebDriver.java:142)at org.openqa.selenium.chrome.ChromeDriver.<init>(ChromeDriver.java:181)at org.openqa.selenium.chrome.ChromeDriver.<init>(ChromeDriver.java:168)at org.openqa.selenium.chrome.ChromeDriver.<init>(ChromeDriver.java:123)at ver.AutomationTalks.demoProject1.TestClass1.launchDriver(TestClass1.java:21)at sun.reflect.NativeMethodAccessorImpl.invoke0(Native Method)at sun.reflect.NativeMethodAccessorImpl.invoke(Unknown Source)at sun.reflect.DelegatingMethodAccessorImpl.invoke(Unknown Source)at java.lang.reflect.Method.invoke(Unknown Source)at org.testng.internal.MethodInvocationHelper.invokeMethod(MethodInvocationHelper.java:124)at org.testng.internal.MethodInvocationHelper.invokeMethodConsideringTimeout(MethodInvocationHelper.java:59)at org.testng.internal.Invoker.invokeConfigurationMethod(Invoker.java:451)at org.testng.internal.Invoker.invokeConfigurations(Invoker.java:222)at org.testng.internal.Invoker.invokeMethod(Invoker.java:516)at org.testng.internal.Invoker.invokeTestMethod(Invoker.java:707)at org.testng.internal.Invoker.invokeTestMethods(Invoker.java:979)at org.testng.internal.TestMethodWorker.invokeTestMethods(TestMethodWorker.java:125)at org.testng.internal.TestMethodWorker.run(TestMethodWorker.java:109)at org.testng.TestRunner.privateRun(TestRunner.java:648)at org.testng.TestRunner.run(TestRunner.java:505)at org.testng.SuiteRunner.runTest(SuiteRunner.java:455)at org.testng.SuiteRunner.runSequentially(SuiteRunner.java:450)at org.testng.SuiteRunner.privateRun(SuiteRunner.java:415)at org.testng.SuiteRunner.run(SuiteRunner.java:364)at org.testng.SuiteRunnerWorker.runSuite(SuiteRunnerWorker.java:52)at org.testng.SuiteRunnerWorker.run(SuiteRunnerWorker.java:84)at org.testng.TestNG.runSuitesSequentially(TestNG.java:1187)at org.testng.TestNG.runSuitesLocally(TestNG.java:1116)at org.testng.TestNG.runSuites(TestNG.java:1028)at org.testng.TestNG.run(TestNG.java:996)at org.testng.remote.AbstractRemoteTestNG.run(AbstractRemoteTestNG.java:115)at org.testng.remote.RemoteTestNG.initAndRun(RemoteTestNG.java:251)at org.testng.remote.RemoteTestNG.main(RemoteTestNG.java:77)]]>
            </full-stacktrace>
          </exception> <!-- org.openqa.selenium.SessionNotCreatedException -->
          <reporter-output>
          </reporter-output>
        </test-method> <!-- Test3 -->
        <test-method status="SKIP" signature="quit()[pri:0, instance:ver.AutomationTalks.demoProject1.TestClass1@4c70fda8]" name="quit" is-config="true" duration-ms="0" started-at="2019-10-24T20:13:03Z" finished-at="2019-10-24T20:13:03Z">
          <reporter-output>
          </reporter-output>
        </test-method> <!-- quit -->
      </class> <!-- ver.AutomationTalks.demoProject1.TestClass1 -->
    </test> <!-- Test -->
  </suite> <!-- Suite -->
</testng-results>
